==============================================================================
Task25 :: Example of parallel test execution using Pabot and --processes      
==============================================================================
Test Case 1                                                           Running Test Case 1
| PASS |
------------------------------------------------------------------------------
Test Case 2                                                           Running Test Case 2
| PASS |
------------------------------------------------------------------------------
Test Case 3                                                           Running Test Case 3
| PASS |
------------------------------------------------------------------------------
Test Case 4                                                           Running Test Case 4
| PASS |
------------------------------------------------------------------------------
Test Case 5                                                           Running Test Case 4
| PASS |
------------------------------------------------------------------------------
Test Case 6                                                           Running Test Case 4
| PASS |
------------------------------------------------------------------------------
Test Case 7                                                           Running Test Case 4
| PASS |
------------------------------------------------------------------------------
Test Case 8                                                           Running Test Case 4
| PASS |
------------------------------------------------------------------------------
Test Case 9                                                           Running Test Case 4
| PASS |
------------------------------------------------------------------------------
Test Case 10                                                          Running Test Case 4
| PASS |
------------------------------------------------------------------------------
Test Case 11                                                          Running Test Case 4
| PASS |
------------------------------------------------------------------------------
Test Case 12                                                          Running Test Case 4
| PASS |
------------------------------------------------------------------------------
Task25 :: Example of parallel test execution using Pabot and --pro... | PASS |
12 tests, 12 passed, 0 failed
==============================================================================
Output:  C:\Users\chano\Desktop\Robot_Freamwork\pabot_results\0\output.xml
